<?xml version="1.0" encoding="UTF-8"?>
<!-- Generated by org.testng.reporters.JUnitReportReporter -->
<testsuite hostname="Ashok-Shankar" failures="0" tests="1" name="Projects.Youtube" time="4.662" errors="0" timestamp="2023-08-14T17:06:15 IST" skipped="0">
  <testcase classname="Projects.Youtube" name="Search" time="4.662"/>
</testsuite> <!-- Projects.Youtube -->
