<?xml version="1.0" encoding="UTF-8"?>
<!-- Generated by org.testng.reporters.JUnitReportReporter -->
<testsuite hostname="Ashok-Shankar" failures="0" tests="1" name="Projects.Flipkart" time="10.644" errors="0" timestamp="2023-08-16T14:48:00 IST" skipped="0">
  <testcase classname="Projects.Flipkart" name="CFashion" time="10.644"/>
</testsuite> <!-- Projects.Flipkart -->
