<?xml version="1.0" encoding="UTF-8"?>
<!-- Generated by org.testng.reporters.JUnitReportReporter -->
<testsuite hostname="Ashok-Shankar" failures="0" tests="1" name="Projects.TaskCricBuzz" time="14.771" errors="0" timestamp="2023-08-15T14:58:29 IST" skipped="0">
  <testcase classname="Projects.TaskCricBuzz" name="Task" time="14.771"/>
</testsuite> <!-- Projects.TaskCricBuzz -->
