<?xml version="1.0" encoding="UTF-8"?>
<!-- Generated by org.testng.reporters.JUnitReportReporter -->
<testsuite hostname="Ashok-Shankar" failures="0" tests="2" name="Projects.Jet" time="7.108" errors="0" timestamp="2023-08-16T17:48:28 IST" skipped="0">
  <testcase classname="Projects.Jet" name="upto" time="7.051"/>
  <testcase classname="Projects.Jet" name="Date" time="0.057"/>
</testsuite> <!-- Projects.Jet -->
