<?xml version="1.0" encoding="UTF-8"?>
<!-- Generated by org.testng.reporters.JUnitReportReporter -->
<testsuite hostname="Ashok-Shankar" failures="0" tests="1" name="Projects.Cric" time="0.211" errors="0" timestamp="2023-08-07T21:02:33 IST" skipped="0">
  <testcase classname="Projects.Cric" name="move" time="0.211"/>
</testsuite> <!-- Projects.Cric -->
