<?xml version="1.0" encoding="UTF-8"?>
<!-- Generated by org.testng.reporters.JUnitReportReporter -->
<testsuite hostname="Ashok-Shankar" failures="0" tests="1" name="Projects.Flipcart" time="0.325" errors="0" timestamp="2023-08-12T19:42:48 IST" skipped="0">
  <testcase classname="Projects.Flipcart" name="CFashion" time="0.325"/>
</testsuite> <!-- Projects.Flipcart -->
