<?xml version="1.0" encoding="UTF-8"?>
<!-- Generated by org.testng.reporters.JUnitReportReporter -->
<testsuite hostname="Ashok-Shankar" failures="0" tests="1" name="Projects.You" time="6.762" errors="0" timestamp="2023-08-08T16:10:30 IST" skipped="0">
  <testcase classname="Projects.You" name="Search" time="6.762"/>
</testsuite> <!-- Projects.You -->
