<?xml version="1.0" encoding="UTF-8"?>
<!-- Generated by org.testng.reporters.JUnitReportReporter -->
<testsuite hostname="Ashok-Shankar" failures="0" tests="1" name="Projects.RedBus" time="4.637" errors="0" timestamp="2023-08-08T15:21:24 IST" skipped="0">
  <testcase classname="Projects.RedBus" name="URL" time="4.637"/>
</testsuite> <!-- Projects.RedBus -->
